<?xml version="1.0" encoding="UTF-8"?>
<!-- Generated by org.testng.reporters.JUnitReportReporter -->
<testsuite hostname="USMUMSDALVE1" failures="0" tests="2" name="tests.ScrollDemo" time="42.276" errors="0" timestamp="2024-01-05T15:53:46 IST" skipped="0">
  <testcase classname="tests.ScrollDemo" name="scrollDemo" time="23.644">
    <system-out>
      <![CDATA[test success -> scrollDemo]]>
    </system-out>
  </testcase> <!-- scrollDemo -->
  <testcase classname="tests.ScrollDemo" name="navigateTest" time="18.632">
    <system-out>
      <![CDATA[test success -> navigateTest]]>
    </system-out>
  </testcase> <!-- navigateTest -->
  <system-out>
    <![CDATA[test success -> navigateTest
test success -> scrollDemo
test success -> testLoginLink
test success -> testRegisterLink
test skipped -> testRegisterWithValidUsers
test skipped -> testRegisterWithValidUsers
test skipped -> testRegisterWithValidUsers
test skipped -> testRegisterWithValidUsers
test skipped -> testRegisterWithValidUsers
test fail -> testRegisterWithValidUsers
Message : expected [true] but found [false]
test skipped -> testLoginWithValidUsers]]>
  </system-out>
</testsuite> <!-- tests.ScrollDemo -->
