<?xml version="1.0" encoding="UTF-8"?>
<!-- Generated by org.testng.reporters.JUnitReportReporter -->
<testsuite hostname="USMUMSDALVE1" failures="0" tests="1" name="tests.TestBankLinks" time="30.100" errors="0" timestamp="2023-12-21T11:02:28 IST" skipped="0">
  <testcase classname="tests.TestBankLinks" name="testHoverMouse" time="30.100"/>
</testsuite> <!-- tests.TestBankLinks -->
