<?xml version="1.0" encoding="UTF-8"?>
<!-- Generated by org.testng.reporters.JUnitReportReporter -->
<testsuite hostname="USMUMSDALVE1" failures="0" tests="1" name="tests.KeyStrokeSimulation" time="66.013" errors="0" timestamp="2023-12-21T16:23:47 IST" skipped="0">
  <testcase classname="tests.KeyStrokeSimulation" name="listCities" time="66.013"/>
</testsuite> <!-- tests.KeyStrokeSimulation -->
