<?xml version="1.0" encoding="UTF-8"?>
<!-- Generated by org.testng.reporters.JUnitReportReporter -->
<testsuite hostname="USMUMSDALVE1" failures="0" tests="2" name="AdvancedTesting.TestGroup1" time="0.045" errors="0" timestamp="2024-01-02T13:42:38 IST" skipped="0">
  <testcase classname="AdvancedTesting.TestGroup1" name="test3" time="0.006"/>
  <testcase classname="AdvancedTesting.TestGroup1" name="test1" time="0.039"/>
</testsuite> <!-- AdvancedTesting.TestGroup1 -->
