<?xml version="1.0" encoding="UTF-8"?>
<!-- Generated by org.testng.reporters.JUnitReportReporter -->
<testsuite hostname="USMUMSDALVE1" failures="0" tests="1" name="AdvancedTesting.ReadWriteDataXLS" time="1.546" errors="0" timestamp="2024-01-13T17:11:15 IST" skipped="0">
  <testcase classname="AdvancedTesting.ReadWriteDataXLS" name="testReadWriteXls" time="1.546"/>
</testsuite> <!-- AdvancedTesting.ReadWriteDataXLS -->
