<?xml version="1.0" encoding="UTF-8"?>
<!-- Generated by org.testng.reporters.JUnitReportReporter -->
<testsuite hostname="USMUMSDALVE1" failures="0" tests="2" name="tests.ScrollDemo" time="61.627" errors="0" timestamp="2024-01-04T10:15:44 IST" skipped="0">
  <testcase classname="tests.ScrollDemo" name="navigateTest" time="25.977">
    <system-out>
      <![CDATA[test success -> navigateTest]]>
    </system-out>
  </testcase> <!-- navigateTest -->
  <testcase classname="tests.ScrollDemo" name="scrollDemo" time="35.650">
    <system-out>
      <![CDATA[test success -> scrollDemo]]>
    </system-out>
  </testcase> <!-- scrollDemo -->
  <system-out>
    <![CDATA[test success -> navigateTest
test success -> scrollDemo
test success -> testLoginLink
test success -> testRegisterLink
test skipped -> testLoginWithValidUsers]]>
  </system-out>
</testsuite> <!-- tests.ScrollDemo -->
