<?xml version="1.0" encoding="UTF-8"?>
<!-- Generated by org.testng.reporters.JUnitReportReporter -->
<testsuite hostname="USMUMSDALVE1" failures="0" tests="1" name="AdvancedTesting.TestGroup2" time="0.007" errors="0" timestamp="2024-01-02T13:42:38 IST" skipped="0">
  <testcase classname="AdvancedTesting.TestGroup2" name="test4" time="0.007"/>
</testsuite> <!-- AdvancedTesting.TestGroup2 -->
