<?xml version="1.0" encoding="UTF-8"?>
<!-- Generated by org.testng.reporters.JUnitReportReporter -->
<testsuite hostname="USMUMSDALVE1" failures="0" tests="1" name="tests.MercuryToursRegistration" time="115.635" errors="0" timestamp="2023-12-20T17:55:26 IST" skipped="0">
  <testcase classname="tests.MercuryToursRegistration" name="testFlightBooking" time="115.635"/>
</testsuite> <!-- tests.MercuryToursRegistration -->
