<?xml version="1.0" encoding="UTF-8"?>
<!-- Generated by org.testng.reporters.JUnitReportReporter -->
<testsuite hostname="USMUMSDALVE1" failures="0" tests="1" name="tests.RegisterTestDemoShop" time="12.430" errors="0" timestamp="2023-12-20T16:34:47 IST" skipped="0">
  <testcase classname="tests.RegisterTestDemoShop" name="testRegistration" time="12.430"/>
</testsuite> <!-- tests.RegisterTestDemoShop -->
