<?xml version="1.0" encoding="UTF-8"?>
<!-- Generated by org.testng.reporters.JUnitReportReporter -->
<testsuite hostname="USMUMSDALVE1" failures="0" tests="1" name="tests.MultipleTabsWindows" time="14.622" errors="0" timestamp="2023-12-22T16:04:08 IST" skipped="0">
  <testcase classname="tests.MultipleTabsWindows" name="testTables2" time="14.622"/>
</testsuite> <!-- tests.MultipleTabsWindows -->
