<?xml version="1.0" encoding="UTF-8"?>
<!-- Generated by org.testng.reporters.JUnitReportReporter -->
<testsuite hostname="USMUMSDALVE1" failures="0" tests="4" name="tests.testPagesDemo" time="0.507" errors="0" timestamp="2024-01-04T13:43:40 IST" skipped="3">
  <testcase classname="tests.testPagesDemo" name="testLoginLink" time="0.507"/>
  <testcase classname="tests.testPagesDemo" name="testRegisterWithValidUsers">
    <skipped/>
  </testcase> <!-- testRegisterWithValidUsers -->
  <testcase classname="tests.testPagesDemo" name="testLoginWithValidUsers">
    <skipped/>
  </testcase> <!-- testLoginWithValidUsers -->
  <testcase classname="tests.testPagesDemo" name="testRegisterLink">
    <skipped/>
  </testcase> <!-- testRegisterLink -->
</testsuite> <!-- tests.testPagesDemo -->
