<?xml version="1.0" encoding="UTF-8"?>
<!-- Generated by org.testng.reporters.JUnitReportReporter -->
<testsuite hostname="USMUMSDALVE1" failures="0" tests="1" name="AdvancedTesting.JavascriptExecuterDemo" time="13.248" errors="0" timestamp="2024-01-03T11:37:28 IST" skipped="0">
  <testcase classname="AdvancedTesting.JavascriptExecuterDemo" name="testFastTagWithJS" time="13.248"/>
</testsuite> <!-- AdvancedTesting.JavascriptExecuterDemo -->
