<?xml version="1.0" encoding="UTF-8"?>
<!-- Generated by org.testng.reporters.JUnitReportReporter -->
<testsuite hostname="USMUMSDALVE1" failures="0" tests="1" name="AdvancedTesting.RobotClassDemo" time="25.906" errors="0" timestamp="2024-01-08T11:49:08 IST" skipped="0">
  <testcase classname="AdvancedTesting.RobotClassDemo" name="FileUploadDemo2" time="25.906"/>
</testsuite> <!-- AdvancedTesting.RobotClassDemo -->
