<?xml version="1.0" encoding="UTF-8"?>
<!-- Generated by org.testng.reporters.JUnitReportReporter -->
<testsuite hostname="USMUMSDALVE1" failures="0" tests="1" name="tests.DragnDropTest" time="37.355" errors="0" timestamp="2023-12-21T13:29:51 IST" skipped="0">
  <testcase classname="tests.DragnDropTest" name="testDnd2" time="37.355"/>
</testsuite> <!-- tests.DragnDropTest -->
