<?xml version="1.0" encoding="UTF-8"?>
<!-- Generated by org.testng.reporters.JUnitReportReporter -->
<testsuite hostname="USMUMSDALVE1" failures="0" tests="1" name="tests.GoogleLangLinkTest" time="18.395" errors="0" timestamp="2023-12-20T11:16:10 IST" skipped="0">
  <testcase classname="tests.GoogleLangLinkTest" name="testNoOfLangs" time="18.395"/>
</testsuite> <!-- tests.GoogleLangLinkTest -->
