<?xml version="1.0" encoding="UTF-8"?>
<!-- Generated by org.testng.reporters.JUnitReportReporter -->
<testsuite hostname="USMUMSDALVE1" failures="0" tests="3" name="TestNGDemo.DataProviderTest" time="61.098" errors="0" timestamp="2023-12-19T16:53:19 IST" skipped="0">
  <testcase classname="TestNGDemo.DataProviderTest" name="testValidLogin" time="24.973"/>
  <system-out/>
  <testcase classname="TestNGDemo.DataProviderTest" name="testValidLogin" time="18.645"/>
  <system-out/>
  <testcase classname="TestNGDemo.DataProviderTest" name="testValidLogin" time="17.480"/>
  <system-out/>
</testsuite> <!-- TestNGDemo.DataProviderTest -->
