<?xml version="1.0" encoding="UTF-8"?>
<!-- Generated by org.testng.reporters.JUnitReportReporter -->
<testsuite hostname="USMUMSDALVE1" failures="0" tests="2" name="TestNGDemo.SuiteDemo" time="0.034" errors="0" timestamp="2023-12-19T12:37:55 IST" skipped="0">
  <testcase classname="TestNGDemo.SuiteDemo" name="g" time="0.006"/>
  <system-out/>
  <testcase classname="TestNGDemo.SuiteDemo" name="f" time="0.028"/>
  <system-out/>
</testsuite> <!-- TestNGDemo.SuiteDemo -->
