<?xml version="1.0" encoding="UTF-8"?>
<!-- Generated by org.testng.reporters.JUnitReportReporter -->
<testsuite hostname="USMUMSDALVE1" failures="0" tests="6" name="TestNGDemo.CrossBrowserDemo" time="20.214" errors="0" timestamp="2023-12-19T17:41:23 IST" skipped="0">
  <testcase classname="TestNGDemo.CrossBrowserDemo" name="testLoginDemoWebShop" time="6.530"/>
  <system-out/>
  <testcase classname="TestNGDemo.CrossBrowserDemo" name="testLoginDemoWebShop" time="3.179"/>
  <system-out/>
  <testcase classname="TestNGDemo.CrossBrowserDemo" name="testLoginDemoWebShop" time="2.677"/>
  <system-out/>
  <testcase classname="TestNGDemo.CrossBrowserDemo" name="testLoginDemoWebShop" time="2.729"/>
  <system-out/>
  <testcase classname="TestNGDemo.CrossBrowserDemo" name="testLoginDemoWebShop" time="2.699"/>
  <system-out/>
  <testcase classname="TestNGDemo.CrossBrowserDemo" name="testLoginDemoWebShop" time="2.400"/>
  <system-out/>
</testsuite> <!-- TestNGDemo.CrossBrowserDemo -->
