<?xml version="1.0" encoding="UTF-8"?>
<!-- Generated by org.testng.reporters.JUnitReportReporter -->
<testsuite hostname="USMUMSDALVE1" failures="0" tests="8" name="TestNGDemo.PriorityDemo" time="0.029" errors="0" timestamp="2024-01-12T21:29:27 IST" skipped="0">
  <testcase classname="TestNGDemo.PriorityDemo" name="Demo2" time="0.002"/>
  <system-out/>
  <testcase classname="TestNGDemo.PriorityDemo" name="Demo5" time="0.001"/>
  <system-out/>
  <testcase classname="TestNGDemo.PriorityDemo" name="Demo7" time="0.007"/>
  <system-out/>
  <testcase classname="TestNGDemo.PriorityDemo" name="Demo0" time="0.007"/>
  <system-out/>
  <testcase classname="TestNGDemo.PriorityDemo" name="Demo8" time="0.007"/>
  <system-out/>
  <testcase classname="TestNGDemo.PriorityDemo" name="Demo1" time="0.002"/>
  <system-out/>
  <testcase classname="TestNGDemo.PriorityDemo" name="Demo4" time="0.002"/>
  <system-out/>
  <testcase classname="TestNGDemo.PriorityDemo" name="Demo3" time="0.001"/>
  <system-out/>
</testsuite> <!-- TestNGDemo.PriorityDemo -->
