<?xml version="1.0" encoding="UTF-8"?>
<!-- Generated by org.testng.reporters.JUnitReportReporter -->
<testsuite hostname="USMUMSDALVE1" failures="0" tests="3" name="TestNGDemo.GroupsDemo" time="0.012" errors="0" timestamp="2024-01-12T01:19:26 IST" skipped="0">
  <testcase classname="TestNGDemo.GroupsDemo" name="Demo1" time="0.009"/>
  <system-out/>
  <testcase classname="TestNGDemo.GroupsDemo" name="Demo3" time="0.001"/>
  <system-out/>
  <testcase classname="TestNGDemo.GroupsDemo" name="Demo3" time="0.002"/>
  <system-out/>
</testsuite> <!-- TestNGDemo.GroupsDemo -->
